<?xml version="1.0" encoding="UTF-8"?>
<!-- Generated by org.testng.reporters.JUnitXMLReporter -->
<testsuite ignored="0" hostname="DESKTOP-T0QQ9KJ" failures="0" tests="7" name="Default test" time="0.239" errors="0" timestamp="2023-01-14T15:58:16 IST">
  <testcase classname="com.qa.TestBase.TestBase" name="@BeforeMethod setUp" time="-1.673692096324E9">
    <failure type="org.testng.TestNGException" message="
Parameter &amp;apos;browser&amp;apos; is required by BeforeMethod on method setUp but has not been marked @Optional or defined
in C:\Users\PC\AppData\Local\Temp\testng-eclipse-405409220\testng-customsuite.xml">
      <![CDATA[org.testng.TestNGException: 
Parameter 'browser' is required by BeforeMethod on method setUp but has not been marked @Optional or defined
in C:\Users\PC\AppData\Local\Temp\testng-eclipse-405409220\testng-customsuite.xml
at org.testng.internal.Parameters.createParams(Parameters.java:270)
at org.testng.internal.Parameters.createParametersForMethod(Parameters.java:358)
at org.testng.internal.Parameters.createParameters(Parameters.java:700)
at org.testng.internal.Parameters.createConfigurationParameters(Parameters.java:168)
at org.testng.internal.ConfigInvoker.invokeConfigurations(ConfigInvoker.java:302)
at org.testng.internal.TestInvoker.runConfigMethods(TestInvoker.java:700)
at org.testng.internal.TestInvoker.invokeMethod(TestInvoker.java:527)
at org.testng.internal.TestInvoker.invokeTestMethod(TestInvoker.java:173)
at org.testng.internal.MethodRunner.runInSequence(MethodRunner.java:46)
at org.testng.internal.TestInvoker$MethodInvocationAgent.invoke(TestInvoker.java:824)
at org.testng.internal.TestInvoker.invokeTestMethods(TestInvoker.java:146)
at org.testng.internal.TestMethodWorker.invokeTestMethods(TestMethodWorker.java:146)
at org.testng.internal.TestMethodWorker.run(TestMethodWorker.java:128)
at java.base/java.util.ArrayList.forEach(ArrayList.java:1511)
at org.testng.TestRunner.privateRun(TestRunner.java:794)
at org.testng.TestRunner.run(TestRunner.java:596)
at org.testng.SuiteRunner.runTest(SuiteRunner.java:377)
at org.testng.SuiteRunner.runSequentially(SuiteRunner.java:371)
at org.testng.SuiteRunner.privateRun(SuiteRunner.java:332)
at org.testng.SuiteRunner.run(SuiteRunner.java:276)
at org.testng.SuiteRunnerWorker.runSuite(SuiteRunnerWorker.java:53)
at org.testng.SuiteRunnerWorker.run(SuiteRunnerWorker.java:96)
at org.testng.TestNG.runSuitesSequentially(TestNG.java:1212)
at org.testng.TestNG.runSuitesLocally(TestNG.java:1134)
at org.testng.TestNG.runSuites(TestNG.java:1063)
at org.testng.TestNG.run(TestNG.java:1031)
at org.testng.remote.AbstractRemoteTestNG.run(AbstractRemoteTestNG.java:115)
at org.testng.remote.RemoteTestNG.initAndRun(RemoteTestNG.java:251)
at org.testng.remote.RemoteTestNG.main(RemoteTestNG.java:77)
]]>
    </failure>
  </testcase> <!-- @BeforeMethod setUp -->
  <testcase classname="com.qa.TestBase.TestBase" name="@AfterMethod tearDown" time="-1.673692096379E9">
    <skipped/>
  </testcase> <!-- @AfterMethod tearDown -->
  <testcase classname="com.qa.TestBase.TestBase" name="@BeforeMethod setUp" time="-1.673692096394E9">
    <skipped/>
  </testcase> <!-- @BeforeMethod setUp -->
  <testcase classname="com.qa.TestBase.TestBase" name="@AfterMethod tearDown" time="-1.673692096405E9">
    <skipped/>
  </testcase> <!-- @AfterMethod tearDown -->
  <testcase classname="com.qa.TestBase.TestBase" name="@BeforeMethod setUp" time="-1.673692096412E9">
    <skipped/>
  </testcase> <!-- @BeforeMethod setUp -->
  <testcase classname="com.qa.TestBase.TestBase" name="@AfterMethod tearDown" time="-1.673692096421E9">
    <skipped/>
  </testcase> <!-- @AfterMethod tearDown -->
  <testcase classname="com.qa.TestBase.TestBase" name="@BeforeMethod setUp" time="-1.673692096426E9">
    <skipped/>
  </testcase> <!-- @BeforeMethod setUp -->
  <testcase classname="com.qa.TestBase.TestBase" name="@AfterMethod tearDown" time="-1.673692096434E9">
    <skipped/>
  </testcase> <!-- @AfterMethod tearDown -->
  <testcase classname="com.qa.TestBase.TestBase" name="@BeforeMethod setUp" time="-1.673692096437E9">
    <skipped/>
  </testcase> <!-- @BeforeMethod setUp -->
  <testcase classname="com.qa.TestBase.TestBase" name="@AfterMethod tearDown" time="-1.673692096447E9">
    <skipped/>
  </testcase> <!-- @AfterMethod tearDown -->
  <testcase classname="com.qa.TestBase.TestBase" name="@BeforeMethod setUp" time="-1.67369209645E9">
    <skipped/>
  </testcase> <!-- @BeforeMethod setUp -->
  <testcase classname="com.qa.TestBase.TestBase" name="@AfterMethod tearDown" time="-1.673692096462E9">
    <skipped/>
  </testcase> <!-- @AfterMethod tearDown -->
  <testcase classname="com.qa.TestBase.TestBase" name="@BeforeMethod setUp" time="-1.673692096465E9">
    <skipped/>
  </testcase> <!-- @BeforeMethod setUp -->
  <testcase classname="com.qa.TestBase.TestBase" name="@AfterMethod tearDown" time="-1.673692096478E9">
    <skipped/>
  </testcase> <!-- @AfterMethod tearDown -->
  <testcase classname="com.qa.TestLayer.Test_Amazon_SignUp_Page" name="check_SignUpPage" time="0.0">
    <skipped/>
  </testcase> <!-- check_SignUpPage -->
  <testcase classname="com.qa.TestLayer.Test_Amazon_SignUp_Page" name="check_lnk1_ConditionsOfUse" time="0.0">
    <skipped/>
  </testcase> <!-- check_lnk1_ConditionsOfUse -->
  <testcase classname="com.qa.TestLayer.Test_Amazon_SignUp_Page" name="check_lnk1_PrivacyNotice" time="0.0">
    <skipped/>
  </testcase> <!-- check_lnk1_PrivacyNotice -->
  <testcase classname="com.qa.TestLayer.Test_Amazon_SignUp_Page" name="check_lnk_ForgotPassword" time="0.0">
    <skipped/>
  </testcase> <!-- check_lnk_ForgotPassword -->
  <testcase classname="com.qa.TestLayer.Test_Amazon_SignUp_Page" name="check_lnk_OtherIssues" time="0.0">
    <skipped/>
  </testcase> <!-- check_lnk_OtherIssues -->
  <testcase classname="com.qa.TestLayer.Test_Amazon_SignUp_Page" name="check_lnk2_ConditionsOfUse" time="0.0">
    <skipped/>
  </testcase> <!-- check_lnk2_ConditionsOfUse -->
  <testcase classname="com.qa.TestLayer.Test_Amazon_SignUp_Page" name="check_lnk_CreateYourAmazonAccount" time="0.0">
    <skipped/>
  </testcase> <!-- check_lnk_CreateYourAmazonAccount -->
</testsuite> <!-- Default test -->
